0 info it worked if it ends with ok
1 verbose cli [ '/usr/bin/node', '/bin/npm', 'run', 'server' ]
2 info using npm@3.10.10
3 info using node@v6.17.1
4 verbose run-script [ 'preserver', 'server', 'postserver' ]
5 info lifecycle snow@1.0.0~preserver: snow@1.0.0
6 silly lifecycle snow@1.0.0~preserver: no script for preserver, continuing
7 info lifecycle snow@1.0.0~server: snow@1.0.0
8 verbose lifecycle snow@1.0.0~server: unsafe-perm in lifecycle true
9 verbose lifecycle snow@1.0.0~server: PATH: /usr/lib/node_modules/npm/bin/node-gyp-bin:/root/snow/node_modules/.bin:/usr/bin:/usr/local/sbin:/usr/local/bin:/sbin:/bin:/usr/sbin:/usr/bin:/root/bin
10 verbose lifecycle snow@1.0.0~server: CWD: /root/snow
11 silly lifecycle snow@1.0.0~server: Args: [ '-c', 'webpack-dev-server' ]
12 silly lifecycle snow@1.0.0~server: Returned: code: 1  signal: null
13 info lifecycle snow@1.0.0~server: Failed to exec server script
14 verbose stack Error: snow@1.0.0 server: `webpack-dev-server`
14 verbose stack Exit status 1
14 verbose stack     at EventEmitter.<anonymous> (/usr/lib/node_modules/npm/lib/utils/lifecycle.js:255:16)
14 verbose stack     at emitTwo (events.js:106:13)
14 verbose stack     at EventEmitter.emit (events.js:191:7)
14 verbose stack     at ChildProcess.<anonymous> (/usr/lib/node_modules/npm/lib/utils/spawn.js:40:14)
14 verbose stack     at emitTwo (events.js:106:13)
14 verbose stack     at ChildProcess.emit (events.js:191:7)
14 verbose stack     at maybeClose (internal/child_process.js:920:16)
14 verbose stack     at Process.ChildProcess._handle.onexit (internal/child_process.js:230:5)
15 verbose pkgid snow@1.0.0
16 verbose cwd /root/snow
17 error Linux 3.10.0-1127.el7.x86_64
18 error argv "/usr/bin/node" "/bin/npm" "run" "server"
19 error node v6.17.1
20 error npm  v3.10.10
21 error code ELIFECYCLE
22 error snow@1.0.0 server: `webpack-dev-server`
22 error Exit status 1
23 error Failed at the snow@1.0.0 server script 'webpack-dev-server'.
23 error Make sure you have the latest version of node.js and npm installed.
23 error If you do, this is most likely a problem with the snow package,
23 error not with npm itself.
23 error Tell the author that this fails on your system:
23 error     webpack-dev-server
23 error You can get information on how to open an issue for this project with:
23 error     npm bugs snow
23 error Or if that isn't available, you can get their info via:
23 error     npm owner ls snow
23 error There is likely additional logging output above.
24 verbose exit [ 1, true ]
